2018-01-20T16:26:58+00:00 CRITICAL Uncaught Error: Call to undefined function curl_init() in /var/www/html/pgb/wp-content/themes/razorbee/functions.php:78
Stack trace:
#0 /var/www/html/pgb/wp-content/themes/razorbee/functions.php(110): file_get_contents_tcurl('http://www.zano...')
#1 /var/www/html/pgb/wp-settings.php(426): include('/var/www/html/p...')
#2 /var/www/html/pgb/wp-config.php(89): require_once('/var/www/html/p...')
#3 /var/www/html/pgb/wp-load.php(37): require_once('/var/www/html/p...')
#4 /var/www/html/pgb/wp-admin/admin-ajax.php(22): require_once('/var/www/html/p...')
#5 {main}
  thrown

2018-01-20T16:27:17+00:00 CRITICAL Uncaught Error: Call to undefined function curl_init() in /var/www/html/pgb/wp-content/themes/razorbee/functions.php:78
Stack trace:
#0 /var/www/html/pgb/wp-content/themes/razorbee/functions.php(110): file_get_contents_tcurl('http://www.zano...')
#1 /var/www/html/pgb/wp-settings.php(426): include('/var/www/html/p...')
#2 /var/www/html/pgb/wp-config.php(89): require_once('/var/www/html/p...')
#3 /var/www/html/pgb/wp-load.php(37): require_once('/var/www/html/p...')
#4 /var/www/html/pgb/wp-admin/admin-ajax.php(22): require_once('/var/www/html/p...')
#5 {main}
  thrown

2018-01-20T16:27:18+00:00 CRITICAL Uncaught Error: Call to undefined function curl_init() in /var/www/html/pgb/wp-content/themes/razorbee/functions.php:78
Stack trace:
#0 /var/www/html/pgb/wp-content/themes/razorbee/functions.php(110): file_get_contents_tcurl('http://www.zano...')
#1 /var/www/html/pgb/wp-settings.php(426): include('/var/www/html/p...')
#2 /var/www/html/pgb/wp-config.php(89): require_once('/var/www/html/p...')
#3 /var/www/html/pgb/wp-load.php(37): require_once('/var/www/html/p...')
#4 /var/www/html/pgb/wp-blog-header.php(13): require_once('/var/www/html/p...')
#5 /var/www/html/pgb/index.php(17): require('/var/www/html/p...')
#6 {main}
  thrown

2018-01-20T16:27:46+00:00 CRITICAL Uncaught Error: Call to undefined function curl_init() in /var/www/html/pgb/wp-content/themes/razorbee/functions.php:78
Stack trace:
#0 /var/www/html/pgb/wp-content/themes/razorbee/functions.php(110): file_get_contents_tcurl('http://www.zano...')
#1 /var/www/html/pgb/wp-settings.php(426): include('/var/www/html/p...')
#2 /var/www/html/pgb/wp-config.php(89): require_once('/var/www/html/p...')
#3 /var/www/html/pgb/wp-load.php(37): require_once('/var/www/html/p...')
#4 /var/www/html/pgb/wp-blog-header.php(13): require_once('/var/www/html/p...')
#5 /var/www/html/pgb/index.php(17): require('/var/www/html/p...')
#6 {main}
  thrown

2018-01-20T16:28:44+00:00 CRITICAL Uncaught Error: Call to undefined function curl_init() in /var/www/html/pgb/wp-content/themes/razorbee/functions.php:78
Stack trace:
#0 /var/www/html/pgb/wp-content/themes/razorbee/functions.php(110): file_get_contents_tcurl('http://www.zano...')
#1 /var/www/html/pgb/wp-settings.php(426): include('/var/www/html/p...')
#2 /var/www/html/pgb/wp-config.php(89): require_once('/var/www/html/p...')
#3 /var/www/html/pgb/wp-load.php(37): require_once('/var/www/html/p...')
#4 /var/www/html/pgb/wp-blog-header.php(13): require_once('/var/www/html/p...')
#5 /var/www/html/pgb/index.php(17): require('/var/www/html/p...')
#6 {main}
  thrown

2018-01-20T16:28:59+00:00 CRITICAL Uncaught Error: Call to undefined function curl_init() in /var/www/html/pgb/wp-content/themes/razorbee/functions.php:78
Stack trace:
#0 /var/www/html/pgb/wp-content/themes/razorbee/functions.php(110): file_get_contents_tcurl('http://www.zano...')
#1 /var/www/html/pgb/wp-settings.php(426): include('/var/www/html/p...')
#2 /var/www/html/pgb/wp-config.php(89): require_once('/var/www/html/p...')
#3 /var/www/html/pgb/wp-load.php(37): require_once('/var/www/html/p...')
#4 /var/www/html/pgb/wp-admin/admin-ajax.php(22): require_once('/var/www/html/p...')
#5 {main}
  thrown

2018-01-20T16:29:18+00:00 CRITICAL Uncaught Error: Call to undefined function curl_init() in /var/www/html/pgb/wp-content/themes/razorbee/functions.php:78
Stack trace:
#0 /var/www/html/pgb/wp-content/themes/razorbee/functions.php(110): file_get_contents_tcurl('http://www.zano...')
#1 /var/www/html/pgb/wp-settings.php(426): include('/var/www/html/p...')
#2 /var/www/html/pgb/wp-config.php(89): require_once('/var/www/html/p...')
#3 /var/www/html/pgb/wp-load.php(37): require_once('/var/www/html/p...')
#4 /var/www/html/pgb/wp-admin/admin-ajax.php(22): require_once('/var/www/html/p...')
#5 {main}
  thrown

2018-01-20T21:50:36+00:00 CRITICAL Uncaught Error: Call to undefined function curl_init() in /var/www/html/pgb/wp-content/themes/razorbee/functions.php:78
Stack trace:
#0 /var/www/html/pgb/wp-content/themes/razorbee/functions.php(110): file_get_contents_tcurl('http://www.zano...')
#1 /var/www/html/pgb/wp-settings.php(426): include('/var/www/html/p...')
#2 /var/www/html/pgb/wp-config.php(89): require_once('/var/www/html/p...')
#3 /var/www/html/pgb/wp-load.php(37): require_once('/var/www/html/p...')
#4 /var/www/html/pgb/wp-admin/admin-ajax.php(22): require_once('/var/www/html/p...')
#5 {main}
  thrown

2018-01-20T21:50:52+00:00 CRITICAL Uncaught Error: Call to undefined function curl_init() in /var/www/html/pgb/wp-content/themes/razorbee/functions.php:78
Stack trace:
#0 /var/www/html/pgb/wp-content/themes/razorbee/functions.php(110): file_get_contents_tcurl('http://www.zano...')
#1 /var/www/html/pgb/wp-settings.php(426): include('/var/www/html/p...')
#2 /var/www/html/pgb/wp-config.php(89): require_once('/var/www/html/p...')
#3 /var/www/html/pgb/wp-load.php(37): require_once('/var/www/html/p...')
#4 /var/www/html/pgb/wp-admin/admin-ajax.php(22): require_once('/var/www/html/p...')
#5 {main}
  thrown

2018-01-20T22:10:48+00:00 CRITICAL Uncaught Error: Call to undefined function curl_init() in /var/www/html/pgb/wp-content/themes/razorbee/functions.php:78
Stack trace:
#0 /var/www/html/pgb/wp-content/themes/razorbee/functions.php(110): file_get_contents_tcurl('http://www.zano...')
#1 /var/www/html/pgb/wp-settings.php(426): include('/var/www/html/p...')
#2 /var/www/html/pgb/wp-config.php(89): require_once('/var/www/html/p...')
#3 /var/www/html/pgb/wp-load.php(37): require_once('/var/www/html/p...')
#4 /var/www/html/pgb/wp-blog-header.php(13): require_once('/var/www/html/p...')
#5 /var/www/html/pgb/index.php(17): require('/var/www/html/p...')
#6 {main}
  thrown

2018-01-20T22:33:22+00:00 CRITICAL Uncaught Error: Call to undefined function curl_init() in /var/www/html/pgb/wp-content/themes/razorbee/functions.php:78
Stack trace:
#0 /var/www/html/pgb/wp-content/themes/razorbee/functions.php(110): file_get_contents_tcurl('http://www.zano...')
#1 /var/www/html/pgb/wp-settings.php(426): include('/var/www/html/p...')
#2 /var/www/html/pgb/wp-config.php(89): require_once('/var/www/html/p...')
#3 /var/www/html/pgb/wp-load.php(37): require_once('/var/www/html/p...')
#4 /var/www/html/pgb/wp-admin/admin-ajax.php(22): require_once('/var/www/html/p...')
#5 {main}
  thrown

2018-01-20T22:33:42+00:00 CRITICAL Uncaught Error: Call to undefined function curl_init() in /var/www/html/pgb/wp-content/themes/razorbee/functions.php:78
Stack trace:
#0 /var/www/html/pgb/wp-content/themes/razorbee/functions.php(110): file_get_contents_tcurl('http://www.zano...')
#1 /var/www/html/pgb/wp-settings.php(426): include('/var/www/html/p...')
#2 /var/www/html/pgb/wp-config.php(89): require_once('/var/www/html/p...')
#3 /var/www/html/pgb/wp-load.php(37): require_once('/var/www/html/p...')
#4 /var/www/html/pgb/wp-admin/admin-ajax.php(22): require_once('/var/www/html/p...')
#5 {main}
  thrown

2018-01-20T22:42:34+00:00 CRITICAL Uncaught Error: Call to undefined function curl_init() in /var/www/html/pgb/wp-content/themes/razorbee/functions.php:78
Stack trace:
#0 /var/www/html/pgb/wp-content/themes/razorbee/functions.php(110): file_get_contents_tcurl('http://www.zano...')
#1 /var/www/html/pgb/wp-settings.php(426): include('/var/www/html/p...')
#2 /var/www/html/pgb/wp-config.php(89): require_once('/var/www/html/p...')
#3 /var/www/html/pgb/wp-load.php(37): require_once('/var/www/html/p...')
#4 /var/www/html/pgb/wp-admin/admin-ajax.php(22): require_once('/var/www/html/p...')
#5 {main}
  thrown

2018-01-20T22:42:35+00:00 CRITICAL Uncaught Error: Call to undefined function curl_init() in /var/www/html/pgb/wp-content/themes/razorbee/functions.php:78
Stack trace:
#0 /var/www/html/pgb/wp-content/themes/razorbee/functions.php(110): file_get_contents_tcurl('http://www.zano...')
#1 /var/www/html/pgb/wp-settings.php(426): include('/var/www/html/p...')
#2 /var/www/html/pgb/wp-config.php(89): require_once('/var/www/html/p...')
#3 /var/www/html/pgb/wp-load.php(37): require_once('/var/www/html/p...')
#4 /var/www/html/pgb/wp-admin/admin-ajax.php(22): require_once('/var/www/html/p...')
#5 {main}
  thrown

2018-01-20T22:42:37+00:00 CRITICAL Uncaught Error: Call to undefined function curl_init() in /var/www/html/pgb/wp-content/themes/razorbee/functions.php:78
Stack trace:
#0 /var/www/html/pgb/wp-content/themes/razorbee/functions.php(110): file_get_contents_tcurl('http://www.zano...')
#1 /var/www/html/pgb/wp-settings.php(426): include('/var/www/html/p...')
#2 /var/www/html/pgb/wp-config.php(89): require_once('/var/www/html/p...')
#3 /var/www/html/pgb/wp-load.php(37): require_once('/var/www/html/p...')
#4 /var/www/html/pgb/wp-admin/admin-ajax.php(22): require_once('/var/www/html/p...')
#5 {main}
  thrown

2018-01-20T22:42:41+00:00 CRITICAL Uncaught Error: Call to undefined function curl_init() in /var/www/html/pgb/wp-content/themes/razorbee/functions.php:78
Stack trace:
#0 /var/www/html/pgb/wp-content/themes/razorbee/functions.php(110): file_get_contents_tcurl('http://www.zano...')
#1 /var/www/html/pgb/wp-settings.php(426): include('/var/www/html/p...')
#2 /var/www/html/pgb/wp-config.php(89): require_once('/var/www/html/p...')
#3 /var/www/html/pgb/wp-load.php(37): require_once('/var/www/html/p...')
#4 /var/www/html/pgb/wp-admin/admin-ajax.php(22): require_once('/var/www/html/p...')
#5 {main}
  thrown

2018-01-20T22:42:41+00:00 CRITICAL Uncaught Error: Call to undefined function curl_init() in /var/www/html/pgb/wp-content/themes/razorbee/functions.php:78
Stack trace:
#0 /var/www/html/pgb/wp-content/themes/razorbee/functions.php(110): file_get_contents_tcurl('http://www.zano...')
#1 /var/www/html/pgb/wp-settings.php(426): include('/var/www/html/p...')
#2 /var/www/html/pgb/wp-config.php(89): require_once('/var/www/html/p...')
#3 /var/www/html/pgb/wp-load.php(37): require_once('/var/www/html/p...')
#4 /var/www/html/pgb/wp-admin/admin-ajax.php(22): require_once('/var/www/html/p...')
#5 {main}
  thrown

2018-01-20T22:42:41+00:00 CRITICAL Uncaught Error: Call to undefined function curl_init() in /var/www/html/pgb/wp-content/themes/razorbee/functions.php:78
Stack trace:
#0 /var/www/html/pgb/wp-content/themes/razorbee/functions.php(110): file_get_contents_tcurl('http://www.zano...')
#1 /var/www/html/pgb/wp-settings.php(426): include('/var/www/html/p...')
#2 /var/www/html/pgb/wp-config.php(89): require_once('/var/www/html/p...')
#3 /var/www/html/pgb/wp-load.php(37): require_once('/var/www/html/p...')
#4 /var/www/html/pgb/wp-admin/admin-ajax.php(22): require_once('/var/www/html/p...')
#5 {main}
  thrown

2018-01-20T23:54:44+00:00 CRITICAL Uncaught Error: Call to undefined function curl_init() in /var/www/html/pgb/wp-content/themes/razorbee/functions.php:78
Stack trace:
#0 /var/www/html/pgb/wp-content/themes/razorbee/functions.php(110): file_get_contents_tcurl('http://www.zano...')
#1 /var/www/html/pgb/wp-settings.php(426): include('/var/www/html/p...')
#2 /var/www/html/pgb/wp-config.php(89): require_once('/var/www/html/p...')
#3 /var/www/html/pgb/wp-load.php(37): require_once('/var/www/html/p...')
#4 /var/www/html/pgb/wp-admin/admin-ajax.php(22): require_once('/var/www/html/p...')
#5 {main}
  thrown

2018-01-20T23:55:00+00:00 CRITICAL Uncaught Error: Call to undefined function curl_init() in /var/www/html/pgb/wp-content/themes/razorbee/functions.php:78
Stack trace:
#0 /var/www/html/pgb/wp-content/themes/razorbee/functions.php(110): file_get_contents_tcurl('http://www.zano...')
#1 /var/www/html/pgb/wp-settings.php(426): include('/var/www/html/p...')
#2 /var/www/html/pgb/wp-config.php(89): require_once('/var/www/html/p...')
#3 /var/www/html/pgb/wp-load.php(37): require_once('/var/www/html/p...')
#4 /var/www/html/pgb/wp-admin/admin-ajax.php(22): require_once('/var/www/html/p...')
#5 {main}
  thrown

2018-01-21T00:03:05+00:00 CRITICAL Uncaught Error: Call to undefined function curl_init() in /var/www/html/pgb/wp-content/themes/razorbee/functions.php:78
Stack trace:
#0 /var/www/html/pgb/wp-content/themes/razorbee/functions.php(110): file_get_contents_tcurl('http://www.zano...')
#1 /var/www/html/pgb/wp-settings.php(426): include('/var/www/html/p...')
#2 /var/www/html/pgb/wp-config.php(89): require_once('/var/www/html/p...')
#3 /var/www/html/pgb/wp-load.php(37): require_once('/var/www/html/p...')
#4 /var/www/html/pgb/wp-admin/admin-ajax.php(22): require_once('/var/www/html/p...')
#5 {main}
  thrown

2018-01-21T00:03:27+00:00 CRITICAL Uncaught Error: Call to undefined function curl_init() in /var/www/html/pgb/wp-content/themes/razorbee/functions.php:78
Stack trace:
#0 /var/www/html/pgb/wp-content/themes/razorbee/functions.php(110): file_get_contents_tcurl('http://www.zano...')
#1 /var/www/html/pgb/wp-settings.php(426): include('/var/www/html/p...')
#2 /var/www/html/pgb/wp-config.php(89): require_once('/var/www/html/p...')
#3 /var/www/html/pgb/wp-load.php(37): require_once('/var/www/html/p...')
#4 /var/www/html/pgb/wp-admin/async-upload.php(20): require_once('/var/www/html/p...')
#5 {main}
  thrown

2018-01-21T00:18:11+00:00 CRITICAL Uncaught Error: Call to undefined function curl_init() in /var/www/html/pgb/wp-content/themes/razorbee/functions.php:78
Stack trace:
#0 /var/www/html/pgb/wp-content/themes/razorbee/functions.php(110): file_get_contents_tcurl('http://www.zano...')
#1 /var/www/html/pgb/wp-settings.php(426): include('/var/www/html/p...')
#2 /var/www/html/pgb/wp-config.php(89): require_once('/var/www/html/p...')
#3 /var/www/html/pgb/wp-load.php(37): require_once('/var/www/html/p...')
#4 /var/www/html/pgb/wp-admin/admin-ajax.php(22): require_once('/var/www/html/p...')
#5 {main}
  thrown

2018-01-21T00:47:12+00:00 CRITICAL Uncaught Error: Call to undefined function curl_init() in /var/www/html/pgb/wp-content/themes/razorbee/functions.php:78
Stack trace:
#0 /var/www/html/pgb/wp-content/themes/razorbee/functions.php(110): file_get_contents_tcurl('http://www.zano...')
#1 /var/www/html/pgb/wp-settings.php(426): include('/var/www/html/p...')
#2 /var/www/html/pgb/wp-config.php(89): require_once('/var/www/html/p...')
#3 /var/www/html/pgb/wp-load.php(37): require_once('/var/www/html/p...')
#4 /var/www/html/pgb/wp-blog-header.php(13): require_once('/var/www/html/p...')
#5 /var/www/html/pgb/index.php(17): require('/var/www/html/p...')
#6 {main}
  thrown

2018-01-21T00:57:20+00:00 CRITICAL Uncaught Error: Call to undefined function curl_init() in /var/www/html/pgb/wp-content/themes/razorbee/functions.php:78
Stack trace:
#0 /var/www/html/pgb/wp-content/themes/razorbee/functions.php(110): file_get_contents_tcurl('http://www.zano...')
#1 /var/www/html/pgb/wp-settings.php(426): include('/var/www/html/p...')
#2 /var/www/html/pgb/wp-config.php(89): require_once('/var/www/html/p...')
#3 /var/www/html/pgb/wp-load.php(37): require_once('/var/www/html/p...')
#4 /var/www/html/pgb/wp-admin/admin-ajax.php(22): require_once('/var/www/html/p...')
#5 {main}
  thrown

2018-01-21T00:57:40+00:00 CRITICAL Uncaught Error: Call to undefined function curl_init() in /var/www/html/pgb/wp-content/themes/razorbee/functions.php:78
Stack trace:
#0 /var/www/html/pgb/wp-content/themes/razorbee/functions.php(110): file_get_contents_tcurl('http://www.zano...')
#1 /var/www/html/pgb/wp-settings.php(426): include('/var/www/html/p...')
#2 /var/www/html/pgb/wp-config.php(89): require_once('/var/www/html/p...')
#3 /var/www/html/pgb/wp-load.php(37): require_once('/var/www/html/p...')
#4 /var/www/html/pgb/wp-admin/admin-ajax.php(22): require_once('/var/www/html/p...')
#5 {main}
  thrown

2018-01-22T13:15:29+00:00 CRITICAL Uncaught Error: Call to undefined function curl_init() in /var/www/html/pgb/wp-content/themes/razorbee/functions.php:78
Stack trace:
#0 /var/www/html/pgb/wp-content/themes/razorbee/functions.php(110): file_get_contents_tcurl('http://www.zano...')
#1 /var/www/html/pgb/wp-settings.php(426): include('/var/www/html/p...')
#2 /var/www/html/pgb/wp-config.php(89): require_once('/var/www/html/p...')
#3 /var/www/html/pgb/wp-load.php(37): require_once('/var/www/html/p...')
#4 /var/www/html/pgb/wp-admin/admin-ajax.php(22): require_once('/var/www/html/p...')
#5 {main}
  thrown

2018-01-22T13:19:31+00:00 CRITICAL Uncaught Error: Call to undefined function curl_init() in /var/www/html/pgb/wp-content/themes/razorbee/functions.php:78
Stack trace:
#0 /var/www/html/pgb/wp-content/themes/razorbee/functions.php(110): file_get_contents_tcurl('http://www.zano...')
#1 /var/www/html/pgb/wp-settings.php(426): include('/var/www/html/p...')
#2 /var/www/html/pgb/wp-config.php(89): require_once('/var/www/html/p...')
#3 /var/www/html/pgb/wp-load.php(37): require_once('/var/www/html/p...')
#4 /var/www/html/pgb/wp-admin/admin-ajax.php(22): require_once('/var/www/html/p...')
#5 {main}
  thrown

2018-01-22T13:21:32+00:00 CRITICAL Uncaught Error: Call to undefined function curl_init() in /var/www/html/pgb/wp-content/themes/razorbee/functions.php:78
Stack trace:
#0 /var/www/html/pgb/wp-content/themes/razorbee/functions.php(110): file_get_contents_tcurl('http://www.zano...')
#1 /var/www/html/pgb/wp-settings.php(426): include('/var/www/html/p...')
#2 /var/www/html/pgb/wp-config.php(89): require_once('/var/www/html/p...')
#3 /var/www/html/pgb/wp-load.php(37): require_once('/var/www/html/p...')
#4 /var/www/html/pgb/wp-admin/admin-ajax.php(22): require_once('/var/www/html/p...')
#5 {main}
  thrown

2018-01-22T13:23:33+00:00 CRITICAL Uncaught Error: Call to undefined function curl_init() in /var/www/html/pgb/wp-content/themes/razorbee/functions.php:78
Stack trace:
#0 /var/www/html/pgb/wp-content/themes/razorbee/functions.php(110): file_get_contents_tcurl('http://www.zano...')
#1 /var/www/html/pgb/wp-settings.php(426): include('/var/www/html/p...')
#2 /var/www/html/pgb/wp-config.php(89): require_once('/var/www/html/p...')
#3 /var/www/html/pgb/wp-load.php(37): require_once('/var/www/html/p...')
#4 /var/www/html/pgb/wp-admin/admin-ajax.php(22): require_once('/var/www/html/p...')
#5 {main}
  thrown

2018-01-22T13:25:16+00:00 CRITICAL Uncaught Error: Call to undefined function curl_init() in /var/www/html/pgb/wp-content/themes/razorbee/functions.php:78
Stack trace:
#0 /var/www/html/pgb/wp-content/themes/razorbee/functions.php(110): file_get_contents_tcurl('http://www.zano...')
#1 /var/www/html/pgb/wp-settings.php(426): include('/var/www/html/p...')
#2 /var/www/html/pgb/wp-config.php(89): require_once('/var/www/html/p...')
#3 /var/www/html/pgb/wp-load.php(37): require_once('/var/www/html/p...')
#4 /var/www/html/pgb/wp-admin/admin-ajax.php(22): require_once('/var/www/html/p...')
#5 {main}
  thrown

2018-01-22T13:25:24+00:00 CRITICAL Uncaught Error: Call to undefined function curl_init() in /var/www/html/pgb/wp-content/themes/razorbee/functions.php:78
Stack trace:
#0 /var/www/html/pgb/wp-content/themes/razorbee/functions.php(110): file_get_contents_tcurl('http://www.zano...')
#1 /var/www/html/pgb/wp-settings.php(426): include('/var/www/html/p...')
#2 /var/www/html/pgb/wp-config.php(89): require_once('/var/www/html/p...')
#3 /var/www/html/pgb/wp-load.php(37): require_once('/var/www/html/p...')
#4 /var/www/html/pgb/wp-admin/admin.php(31): require_once('/var/www/html/p...')
#5 /var/www/html/pgb/wp-admin/post.php(12): require_once('/var/www/html/p...')
#6 {main}
  thrown

2018-01-22T13:25:31+00:00 CRITICAL Uncaught Error: Call to undefined function curl_init() in /var/www/html/pgb/wp-content/themes/razorbee/functions.php:78
Stack trace:
#0 /var/www/html/pgb/wp-content/themes/razorbee/functions.php(110): file_get_contents_tcurl('http://www.zano...')
#1 /var/www/html/pgb/wp-settings.php(426): include('/var/www/html/p...')
#2 /var/www/html/pgb/wp-config.php(89): require_once('/var/www/html/p...')
#3 /var/www/html/pgb/wp-load.php(37): require_once('/var/www/html/p...')
#4 /var/www/html/pgb/wp-admin/admin.php(31): require_once('/var/www/html/p...')
#5 /var/www/html/pgb/wp-admin/post.php(12): require_once('/var/www/html/p...')
#6 {main}
  thrown

2018-01-22T13:25:32+00:00 CRITICAL Uncaught Error: Call to undefined function curl_init() in /var/www/html/pgb/wp-content/themes/razorbee/functions.php:78
Stack trace:
#0 /var/www/html/pgb/wp-content/themes/razorbee/functions.php(110): file_get_contents_tcurl('http://www.zano...')
#1 /var/www/html/pgb/wp-settings.php(426): include('/var/www/html/p...')
#2 /var/www/html/pgb/wp-config.php(89): require_once('/var/www/html/p...')
#3 /var/www/html/pgb/wp-load.php(37): require_once('/var/www/html/p...')
#4 /var/www/html/pgb/wp-admin/admin.php(31): require_once('/var/www/html/p...')
#5 /var/www/html/pgb/wp-admin/post.php(12): require_once('/var/www/html/p...')
#6 {main}
  thrown

2018-01-22T13:25:40+00:00 CRITICAL Uncaught Error: Call to undefined function curl_init() in /var/www/html/pgb/wp-content/themes/razorbee/functions.php:78
Stack trace:
#0 /var/www/html/pgb/wp-content/themes/razorbee/functions.php(110): file_get_contents_tcurl('http://www.zano...')
#1 /var/www/html/pgb/wp-settings.php(426): include('/var/www/html/p...')
#2 /var/www/html/pgb/wp-config.php(89): require_once('/var/www/html/p...')
#3 /var/www/html/pgb/wp-load.php(37): require_once('/var/www/html/p...')
#4 /var/www/html/pgb/wp-admin/admin.php(31): require_once('/var/www/html/p...')
#5 /var/www/html/pgb/wp-admin/index.php(10): require_once('/var/www/html/p...')
#6 {main}
  thrown

2018-01-22T13:25:43+00:00 CRITICAL Uncaught Error: Call to undefined function curl_init() in /var/www/html/pgb/wp-content/themes/razorbee/functions.php:78
Stack trace:
#0 /var/www/html/pgb/wp-content/themes/razorbee/functions.php(110): file_get_contents_tcurl('http://www.zano...')
#1 /var/www/html/pgb/wp-settings.php(426): include('/var/www/html/p...')
#2 /var/www/html/pgb/wp-config.php(89): require_once('/var/www/html/p...')
#3 /var/www/html/pgb/wp-load.php(37): require_once('/var/www/html/p...')
#4 /var/www/html/pgb/wp-login.php(12): require('/var/www/html/p...')
#5 {main}
  thrown

2018-01-22T13:25:45+00:00 CRITICAL Uncaught Error: Call to undefined function curl_init() in /var/www/html/pgb/wp-content/themes/razorbee/functions.php:78
Stack trace:
#0 /var/www/html/pgb/wp-content/themes/razorbee/functions.php(110): file_get_contents_tcurl('http://www.zano...')
#1 /var/www/html/pgb/wp-settings.php(426): include('/var/www/html/p...')
#2 /var/www/html/pgb/wp-config.php(89): require_once('/var/www/html/p...')
#3 /var/www/html/pgb/wp-load.php(37): require_once('/var/www/html/p...')
#4 /var/www/html/pgb/wp-login.php(12): require('/var/www/html/p...')
#5 {main}
  thrown

2018-01-22T13:25:50+00:00 CRITICAL Uncaught Error: Call to undefined function curl_init() in /var/www/html/pgb/wp-content/themes/razorbee/functions.php:78
Stack trace:
#0 /var/www/html/pgb/wp-content/themes/razorbee/functions.php(110): file_get_contents_tcurl('http://www.zano...')
#1 /var/www/html/pgb/wp-settings.php(426): include('/var/www/html/p...')
#2 /var/www/html/pgb/wp-config.php(89): require_once('/var/www/html/p...')
#3 /var/www/html/pgb/wp-load.php(37): require_once('/var/www/html/p...')
#4 /var/www/html/pgb/wp-blog-header.php(13): require_once('/var/www/html/p...')
#5 /var/www/html/pgb/index.php(17): require('/var/www/html/p...')
#6 {main}
  thrown

2018-01-22T13:26:31+00:00 CRITICAL Uncaught Error: Call to undefined function curl_init() in /var/www/html/pgb/wp-content/themes/razorbee/functions.php:78
Stack trace:
#0 /var/www/html/pgb/wp-content/themes/razorbee/functions.php(110): file_get_contents_tcurl('http://www.zano...')
#1 /var/www/html/pgb/wp-settings.php(426): include('/var/www/html/p...')
#2 /var/www/html/pgb/wp-config.php(89): require_once('/var/www/html/p...')
#3 /var/www/html/pgb/wp-load.php(37): require_once('/var/www/html/p...')
#4 /var/www/html/pgb/wp-blog-header.php(13): require_once('/var/www/html/p...')
#5 /var/www/html/pgb/index.php(17): require('/var/www/html/p...')
#6 {main}
  thrown

2018-01-22T13:26:33+00:00 CRITICAL Uncaught Error: Call to undefined function curl_init() in /var/www/html/pgb/wp-content/themes/razorbee/functions.php:78
Stack trace:
#0 /var/www/html/pgb/wp-content/themes/razorbee/functions.php(110): file_get_contents_tcurl('http://www.zano...')
#1 /var/www/html/pgb/wp-settings.php(426): include('/var/www/html/p...')
#2 /var/www/html/pgb/wp-config.php(89): require_once('/var/www/html/p...')
#3 /var/www/html/pgb/wp-load.php(37): require_once('/var/www/html/p...')
#4 /var/www/html/pgb/wp-blog-header.php(13): require_once('/var/www/html/p...')
#5 /var/www/html/pgb/index.php(17): require('/var/www/html/p...')
#6 {main}
  thrown

2018-01-22T13:26:35+00:00 CRITICAL Uncaught Error: Call to undefined function curl_init() in /var/www/html/pgb/wp-content/themes/razorbee/functions.php:78
Stack trace:
#0 /var/www/html/pgb/wp-content/themes/razorbee/functions.php(110): file_get_contents_tcurl('http://www.zano...')
#1 /var/www/html/pgb/wp-settings.php(426): include('/var/www/html/p...')
#2 /var/www/html/pgb/wp-config.php(89): require_once('/var/www/html/p...')
#3 /var/www/html/pgb/wp-load.php(37): require_once('/var/www/html/p...')
#4 /var/www/html/pgb/wp-blog-header.php(13): require_once('/var/www/html/p...')
#5 /var/www/html/pgb/index.php(17): require('/var/www/html/p...')
#6 {main}
  thrown

2018-01-22T13:26:49+00:00 CRITICAL Uncaught Error: Call to undefined function curl_init() in /var/www/html/pgb/wp-content/themes/razorbee/functions.php:78
Stack trace:
#0 /var/www/html/pgb/wp-content/themes/razorbee/functions.php(110): file_get_contents_tcurl('http://www.zano...')
#1 /var/www/html/pgb/wp-settings.php(426): include('/var/www/html/p...')
#2 /var/www/html/pgb/wp-config.php(89): require_once('/var/www/html/p...')
#3 /var/www/html/pgb/wp-load.php(37): require_once('/var/www/html/p...')
#4 /var/www/html/pgb/wp-blog-header.php(13): require_once('/var/www/html/p...')
#5 /var/www/html/pgb/index.php(17): require('/var/www/html/p...')
#6 {main}
  thrown

2018-01-22T13:27:54+00:00 CRITICAL Uncaught Error: Call to undefined function curl_init() in /var/www/html/pgb/wp-content/themes/razorbee/functions.php:78
Stack trace:
#0 /var/www/html/pgb/wp-content/themes/razorbee/functions.php(110): file_get_contents_tcurl('http://www.zano...')
#1 /var/www/html/pgb/wp-settings.php(426): include('/var/www/html/p...')
#2 /var/www/html/pgb/wp-config.php(89): require_once('/var/www/html/p...')
#3 /var/www/html/pgb/wp-load.php(37): require_once('/var/www/html/p...')
#4 /var/www/html/pgb/wp-blog-header.php(13): require_once('/var/www/html/p...')
#5 /var/www/html/pgb/index.php(17): require('/var/www/html/p...')
#6 {main}
  thrown

2018-01-22T13:28:01+00:00 CRITICAL Uncaught Error: Call to undefined function curl_init() in /var/www/html/pgb/wp-content/themes/razorbee/functions.php:78
Stack trace:
#0 /var/www/html/pgb/wp-content/themes/razorbee/functions.php(110): file_get_contents_tcurl('http://www.zano...')
#1 /var/www/html/pgb/wp-settings.php(426): include('/var/www/html/p...')
#2 /var/www/html/pgb/wp-config.php(89): require_once('/var/www/html/p...')
#3 /var/www/html/pgb/wp-load.php(37): require_once('/var/www/html/p...')
#4 /var/www/html/pgb/wp-blog-header.php(13): require_once('/var/www/html/p...')
#5 /var/www/html/pgb/index.php(17): require('/var/www/html/p...')
#6 {main}
  thrown

2018-01-22T13:28:04+00:00 CRITICAL Uncaught Error: Call to undefined function curl_init() in /var/www/html/pgb/wp-content/themes/razorbee/functions.php:78
Stack trace:
#0 /var/www/html/pgb/wp-content/themes/razorbee/functions.php(110): file_get_contents_tcurl('http://www.zano...')
#1 /var/www/html/pgb/wp-settings.php(426): include('/var/www/html/p...')
#2 /var/www/html/pgb/wp-config.php(89): require_once('/var/www/html/p...')
#3 /var/www/html/pgb/wp-load.php(37): require_once('/var/www/html/p...')
#4 /var/www/html/pgb/wp-blog-header.php(13): require_once('/var/www/html/p...')
#5 /var/www/html/pgb/index.php(17): require('/var/www/html/p...')
#6 {main}
  thrown

2018-01-22T13:28:05+00:00 CRITICAL Uncaught Error: Call to undefined function curl_init() in /var/www/html/pgb/wp-content/themes/razorbee/functions.php:78
Stack trace:
#0 /var/www/html/pgb/wp-content/themes/razorbee/functions.php(110): file_get_contents_tcurl('http://www.zano...')
#1 /var/www/html/pgb/wp-settings.php(426): include('/var/www/html/p...')
#2 /var/www/html/pgb/wp-config.php(89): require_once('/var/www/html/p...')
#3 /var/www/html/pgb/wp-load.php(37): require_once('/var/www/html/p...')
#4 /var/www/html/pgb/wp-blog-header.php(13): require_once('/var/www/html/p...')
#5 /var/www/html/pgb/index.php(17): require('/var/www/html/p...')
#6 {main}
  thrown

